Using pre-set license
Built from '2021.3/staging' branch; Version is '2021.3.0f1 (6eacc8284459) revision 7253192'; Using compiler version '192829333'; Build Type 'Release'
OS: 'Windows 11  (10.0.22000) 64bit Core' Language: 'ja' Physical Memory: 16125 MB
BatchMode: 1, IsHumanControllingUs: 0, StartBugReporterOnCrash: 0, Is64bit: 1, IsPro: 1

COMMAND LINE ARGUMENTS:
C:\Program Files\Unity\Hub\Editor\2021.3.0f1\Editor\Unity.exe
-adb2
-batchMode
-noUpm
-name
AssetImportWorker2
-projectPath
C:/Users/hibar/Unity/Fuku/Fuku/Fuku
-logFile
Logs/AssetImportWorker2.log
-srvPort
64313
Successfully changed project path to: C:/Users/hibar/Unity/Fuku/Fuku/Fuku
C:/Users/hibar/Unity/Fuku/Fuku/Fuku
[UnityMemory] Configuration Parameters - Can be set up in boot.config
    "memorysetup-bucket-allocator-granularity=16"
    "memorysetup-bucket-allocator-bucket-count=8"
    "memorysetup-bucket-allocator-block-size=33554432"
    "memorysetup-bucket-allocator-block-count=8"
    "memorysetup-main-allocator-block-size=16777216"
    "memorysetup-thread-allocator-block-size=16777216"
    "memorysetup-gfx-main-allocator-block-size=16777216"
    "memorysetup-gfx-thread-allocator-block-size=16777216"
    "memorysetup-cache-allocator-block-size=4194304"
    "memorysetup-typetree-allocator-block-size=2097152"
    "memorysetup-profiler-bucket-allocator-granularity=16"
    "memorysetup-profiler-bucket-allocator-bucket-count=8"
    "memorysetup-profiler-bucket-allocator-block-size=33554432"
    "memorysetup-profiler-bucket-allocator-block-count=8"
    "memorysetup-profiler-allocator-block-size=16777216"
    "memorysetup-profiler-editor-allocator-block-size=1048576"
    "memorysetup-temp-allocator-size-main=16777216"
    "memorysetup-job-temp-allocator-block-size=2097152"
    "memorysetup-job-temp-allocator-block-size-background=1048576"
    "memorysetup-job-temp-allocator-reduction-small-platforms=262144"
    "memorysetup-temp-allocator-size-background-worker=32768"
    "memorysetup-temp-allocator-size-job-worker=262144"
    "memorysetup-temp-allocator-size-preload-manager=33554432"
    "memorysetup-temp-allocator-size-nav-mesh-worker=65536"
    "memorysetup-temp-allocator-size-audio-worker=65536"
    "memorysetup-temp-allocator-size-cloud-worker=32768"
    "memorysetup-temp-allocator-size-gi-baking-worker=262144"
    "memorysetup-temp-allocator-size-gfx=262144"
Refreshing native plugins compatible for Editor in 85.54 ms, found 6 plugins.
Preloading 0 native plugins for Editor in 0.00 ms.
Initialize engine version: 2021.3.0f1 (6eacc8284459)
[Subsystems] Discovering subsystems at path C:/Program Files/Unity/Hub/Editor/2021.3.0f1/Editor/Data/Resources/UnitySubsystems
[Subsystems] Discovering subsystems at path C:/Users/hibar/Unity/Fuku/Fuku/Fuku/Assets
GfxDevice: creating device client; threaded=0; jobified=0
Direct3D:
    Version:  Direct3D 11.0 [level 11.1]
    Renderer: NVIDIA GeForce RTX 3060 Laptop GPU (ID=0x2520)
    Vendor:   NVIDIA
    VRAM:     6023 MB
    Driver:   30.0.15.1179
Initialize mono
Mono path[0] = 'C:/Program Files/Unity/Hub/Editor/2021.3.0f1/Editor/Data/Managed'
Mono path[1] = 'C:/Program Files/Unity/Hub/Editor/2021.3.0f1/Editor/Data/MonoBleedingEdge/lib/mono/unityjit-win32'
Mono config path = 'C:/Program Files/Unity/Hub/Editor/2021.3.0f1/Editor/Data/MonoBleedingEdge/etc'
Using monoOptions --debugger-agent=transport=dt_socket,embedding=1,server=y,suspend=n,address=127.0.0.1:56312
Begin MonoManager ReloadAssembly
Registering precompiled unity dll's ...
Register platform support module: C:/Program Files/Unity/Hub/Editor/2021.3.0f1/Editor/Data/PlaybackEngines/WebGLSupport/UnityEditor.WebGL.Extensions.dll
Register platform support module: C:/Program Files/Unity/Hub/Editor/2021.3.0f1/Editor/Data/PlaybackEngines/WindowsStandaloneSupport/UnityEditor.WindowsStandalone.Extensions.dll
Registered in 0.003966 seconds.
Native extension for WindowsStandalone target not found
Native extension for WebGL target not found
Refreshing native plugins compatible for Editor in 64.22 ms, found 6 plugins.
Preloading 0 native plugins for Editor in 0.00 ms.
Mono: successfully reloaded assembly
- Completed reload, in  0.537 seconds
Domain Reload Profiling:
	ReloadAssembly (537ms)
		BeginReloadAssembly (78ms)
			ExecutionOrderSort (0ms)
			DisableScriptedObjects (0ms)
			BackupInstance (0ms)
			ReleaseScriptingObjects (0ms)
			CreateAndSetChildDomain (1ms)
		EndReloadAssembly (367ms)
			LoadAssemblies (75ms)
			RebuildTransferFunctionScriptingTraits (0ms)
			SetupTypeCache (98ms)
			ReleaseScriptCaches (0ms)
			RebuildScriptCaches (23ms)
			SetupLoadedEditorAssemblies (206ms)
				LogAssemblyErrors (0ms)
				InitializePlatformSupportModulesInManaged (7ms)
				SetLoadedEditorAssemblies (0ms)
				RefreshPlugins (64ms)
				BeforeProcessingInitializeOnLoad (1ms)
				ProcessInitializeOnLoadAttributes (99ms)
				ProcessInitializeOnLoadMethodAttributes (35ms)
				AfterProcessingInitializeOnLoad (0ms)
				EditorAssembliesLoaded (0ms)
			ExecutionOrderSort2 (0ms)
			AwakeInstancesAfterBackupRestoration (0ms)
Platform modules already initialized, skipping
Registering precompiled user dll's ...
Registered in 0.003599 seconds.
Begin MonoManager ReloadAssembly
Symbol file LoadedFromMemory doesn't match image C:\Users\hibar\Unity\Fuku\Fuku\Fuku\Library\PackageCache\com.unity.visualscripting@1.7.6\Editor\VisualScripting.Core\Dependencies\YamlDotNet\Unity.VisualScripting.YamlDotNet.dll
Symbol file LoadedFromMemory is not a mono symbol file
Symbol file LoadedFromMemory doesn't match image C:\Users\hibar\Unity\Fuku\Fuku\Fuku\Library\PackageCache\com.unity.visualscripting@1.7.6\Editor\VisualScripting.Core\Dependencies\DotNetZip\Unity.VisualScripting.IonicZip.dll
Native extension for WindowsStandalone target not found
Native extension for WebGL target not found
Refreshing native plugins compatible for Editor in 65.41 ms, found 6 plugins.
Preloading 0 native plugins for Editor in 0.00 ms.
Package Manager log level set to [2]
Mono: successfully reloaded assembly
- Completed reload, in  0.872 seconds
Domain Reload Profiling:
	ReloadAssembly (873ms)
		BeginReloadAssembly (94ms)
			ExecutionOrderSort (0ms)
			DisableScriptedObjects (8ms)
			BackupInstance (0ms)
			ReleaseScriptingObjects (0ms)
			CreateAndSetChildDomain (18ms)
		EndReloadAssembly (687ms)
			LoadAssemblies (71ms)
			RebuildTransferFunctionScriptingTraits (0ms)
			SetupTypeCache (184ms)
			ReleaseScriptCaches (1ms)
			RebuildScriptCaches (47ms)
			SetupLoadedEditorAssemblies (342ms)
				LogAssemblyErrors (0ms)
				InitializePlatformSupportModulesInManaged (4ms)
				SetLoadedEditorAssemblies (0ms)
				RefreshPlugins (66ms)
				BeforeProcessingInitializeOnLoad (67ms)
				ProcessInitializeOnLoadAttributes (184ms)
				ProcessInitializeOnLoadMethodAttributes (17ms)
				AfterProcessingInitializeOnLoad (4ms)
				EditorAssembliesLoaded (0ms)
			ExecutionOrderSort2 (0ms)
			AwakeInstancesAfterBackupRestoration (4ms)
Platform modules already initialized, skipping
========================================================================
Worker process is ready to serve import requests
Launched and connected shader compiler UnityShaderCompiler.exe after 0.03 seconds
Refreshing native plugins compatible for Editor in 1.37 ms, found 6 plugins.
Preloading 0 native plugins for Editor in 0.00 ms.
Unloading 3953 Unused Serialized files (Serialized files now loaded: 0)
Unloading 23 unused Assets / (56.5 KB). Loaded Objects now: 4437.
Memory consumption went from 143.7 MB to 143.7 MB.
Total: 3.469800 ms (FindLiveObjects: 0.398900 ms CreateObjectMapping: 0.183300 ms MarkObjects: 2.741300 ms  DeleteObjects: 0.144700 ms)

AssetImportParameters requested are different than current active one (requested -> active):
  colorSpace: 1 -> 0
  custom:video-decoder-ogg-theora: a1e56fd34408186e4bbccfd4996cb3dc -> 
  custom:container-muxer-webm: aa71ff27fc2769a1b78a27578f13a17b -> 
  custom:container-demuxer-webm: 4f35f7cbe854078d1ac9338744f61a02 -> 
  custom:video-encoder-webm-vp8: eb34c28f22e8b96e1ab97ce403110664 -> 
  custom:video-codec-MediaFoundation-h265: 746d11721c4dcdbdad8f713fa42b33f4 -> 
  custom:audio-encoder-webm-vorbis: bf7c407c2cedff20999df2af8eb42d56 -> 
  custom:framework-win-MediaFoundation: 216162199b28c13a410421893ffa2e32 -> 
  custom:container-demuxer-ogg: 62fdf1f143b41e24485cea50d1cbac27 -> 
  custom:video-decoder-webm-vp8: 9c59270c3fd7afecdb556c50c9e8de78 -> 
  custom:graphics/active-color-space: 03000000000000000000000000000000 -> 02000000000000000000000000000000
  custom:audio-decoder-ogg-vorbis: bf7c407c2cedff20999df2af8eb42d56 -> 
========================================================================
Received Import Request.
  Time since last request: 167475.461386 seconds.
  path: Assets/Material/Gear.blend
  artifactKey: Guid(0b67209f9d678af4baffedd8500235c9) Importer(815301076,1909f56bfc062723c751e8b465ee728b)
Start importing Assets/Material/Gear.blend using Guid(0b67209f9d678af4baffedd8500235c9) Importer(815301076,1909f56bfc062723c751e8b465ee728b)  -> (artifact id: 'c015e5c14fb40fbf74e49ec6890d1326') in 0.034436 seconds 
========================================================================
Received Prepare
Registering precompiled user dll's ...
Registered in 0.003480 seconds.
Begin MonoManager ReloadAssembly
Symbol file LoadedFromMemory doesn't match image C:\Users\hibar\Unity\Fuku\Fuku\Fuku\Library\PackageCache\com.unity.visualscripting@1.7.6\Editor\VisualScripting.Core\Dependencies\YamlDotNet\Unity.VisualScripting.YamlDotNet.dll
Symbol file LoadedFromMemory is not a mono symbol file
Symbol file LoadedFromMemory doesn't match image C:\Users\hibar\Unity\Fuku\Fuku\Fuku\Library\PackageCache\com.unity.visualscripting@1.7.6\Editor\VisualScripting.Core\Dependencies\DotNetZip\Unity.VisualScripting.IonicZip.dll
Native extension for WindowsStandalone target not found
Native extension for WebGL target not found
Refreshing native plugins compatible for Editor in 0.71 ms, found 6 plugins.
Preloading 0 native plugins for Editor in 0.00 ms.
Mono: successfully reloaded assembly
- Completed reload, in  0.789 seconds
Domain Reload Profiling:
	ReloadAssembly (789ms)
		BeginReloadAssembly (101ms)
			ExecutionOrderSort (0ms)
			DisableScriptedObjects (4ms)
			BackupInstance (0ms)
			ReleaseScriptingObjects (0ms)
			CreateAndSetChildDomain (31ms)
		EndReloadAssembly (610ms)
			LoadAssemblies (66ms)
			RebuildTransferFunctionScriptingTraits (0ms)
			SetupTypeCache (198ms)
			ReleaseScriptCaches (3ms)
			RebuildScriptCaches (49ms)
			SetupLoadedEditorAssemblies (255ms)
				LogAssemblyErrors (0ms)
				InitializePlatformSupportModulesInManaged (12ms)
				SetLoadedEditorAssemblies (0ms)
				RefreshPlugins (1ms)
				BeforeProcessingInitializeOnLoad (67ms)
				ProcessInitializeOnLoadAttributes (153ms)
				ProcessInitializeOnLoadMethodAttributes (18ms)
				AfterProcessingInitializeOnLoad (4ms)
				EditorAssembliesLoaded (0ms)
			ExecutionOrderSort2 (0ms)
			AwakeInstancesAfterBackupRestoration (4ms)
Platform modules already initialized, skipping
Refreshing native plugins compatible for Editor in 2.83 ms, found 6 plugins.
Preloading 0 native plugins for Editor in 0.00 ms.
Unloading 3923 Unused Serialized files (Serialized files now loaded: 0)
Unloading 15 unused Assets / (31.7 KB). Loaded Objects now: 4441.
Memory consumption went from 141.5 MB to 141.5 MB.
Total: 3.917300 ms (FindLiveObjects: 0.269000 ms CreateObjectMapping: 0.103000 ms MarkObjects: 3.511400 ms  DeleteObjects: 0.032200 ms)

AssetImportParameters requested are different than current active one (requested -> active):
  custom:video-decoder-ogg-theora: a1e56fd34408186e4bbccfd4996cb3dc -> 
  custom:container-muxer-webm: aa71ff27fc2769a1b78a27578f13a17b -> 
  custom:container-demuxer-webm: 4f35f7cbe854078d1ac9338744f61a02 -> 
  custom:video-encoder-webm-vp8: eb34c28f22e8b96e1ab97ce403110664 -> 
  custom:video-codec-MediaFoundation-h265: 746d11721c4dcdbdad8f713fa42b33f4 -> 
  custom:audio-encoder-webm-vorbis: bf7c407c2cedff20999df2af8eb42d56 -> 
  custom:framework-win-MediaFoundation: 216162199b28c13a410421893ffa2e32 -> 
  custom:container-demuxer-ogg: 62fdf1f143b41e24485cea50d1cbac27 -> 
  custom:video-decoder-webm-vp8: 9c59270c3fd7afecdb556c50c9e8de78 -> 
  custom:audio-decoder-ogg-vorbis: bf7c407c2cedff20999df2af8eb42d56 -> 
========================================================================
Received Import Request.
  Time since last request: 112.347000 seconds.
  path: Assets/変更あり3.AvatarDescription/AvatarDescription.asset
  artifactKey: Guid(87823256844387d4eac9afd6fea822c9) Importer(815301076,1909f56bfc062723c751e8b465ee728b)
Start importing Assets/変更あり3.AvatarDescription/AvatarDescription.asset using Guid(87823256844387d4eac9afd6fea822c9) Importer(815301076,1909f56bfc062723c751e8b465ee728b)  -> (artifact id: '9648e98f9d6b973dec1f61a67a57a21e') in 0.018238 seconds 
========================================================================
Received Import Request.
  Time since last request: 1.391926 seconds.
  path: Assets/変更あり3.Avatar/VrmAvatar.asset
  artifactKey: Guid(c4f80aee0ee61624a8b9d48b441eb4d2) Importer(815301076,1909f56bfc062723c751e8b465ee728b)
Start importing Assets/変更あり3.Avatar/VrmAvatar.asset using Guid(c4f80aee0ee61624a8b9d48b441eb4d2) Importer(815301076,1909f56bfc062723c751e8b465ee728b)  -> (artifact id: 'bd2d372d00304442ecc9c4e35a4f03db') in 0.005601 seconds 
========================================================================
Received Import Request.
  Time since last request: 2.999279 seconds.
  path: Assets/変更あり3.BlendShapes/BlendShape.A.asset
  artifactKey: Guid(d2b3dcd881532db40a156d628b5e8cc9) Importer(815301076,1909f56bfc062723c751e8b465ee728b)
Start importing Assets/変更あり3.BlendShapes/BlendShape.A.asset using Guid(d2b3dcd881532db40a156d628b5e8cc9) Importer(815301076,1909f56bfc062723c751e8b465ee728b)  -> (artifact id: '6719d8f547526e18c06cfdb54ee08519') in 0.003739 seconds 
========================================================================
Received Import Request.
  Time since last request: 0.006425 seconds.
  path: Assets/変更あり3.BlendShapes/BlendShape.asset
  artifactKey: Guid(e354fdac106648a4faaf7d3f802378e6) Importer(815301076,1909f56bfc062723c751e8b465ee728b)
Start importing Assets/変更あり3.BlendShapes/BlendShape.asset using Guid(e354fdac106648a4faaf7d3f802378e6) Importer(815301076,1909f56bfc062723c751e8b465ee728b)  -> (artifact id: '38aa28ae8bce7bccb9e30cde3e969fa2') in 0.006726 seconds 
========================================================================
Received Import Request.
  Time since last request: 0.000851 seconds.
  path: Assets/変更あり3.BlendShapes/BlendShape.E.asset
  artifactKey: Guid(60485e076290b104a98a74a2d3b698b3) Importer(815301076,1909f56bfc062723c751e8b465ee728b)
Start importing Assets/変更あり3.BlendShapes/BlendShape.E.asset using Guid(60485e076290b104a98a74a2d3b698b3) Importer(815301076,1909f56bfc062723c751e8b465ee728b)  -> (artifact id: '2fabc2dc1efd09a98d8551cad588d150') in 0.003322 seconds 
========================================================================
Received Import Request.
  Time since last request: 0.000020 seconds.
  path: Assets/変更あり3.BlendShapes/BlendShape.O.asset
  artifactKey: Guid(513a53c3aaec66648b54b2b06f25c604) Importer(815301076,1909f56bfc062723c751e8b465ee728b)
Start importing Assets/変更あり3.BlendShapes/BlendShape.O.asset using Guid(513a53c3aaec66648b54b2b06f25c604) Importer(815301076,1909f56bfc062723c751e8b465ee728b)  -> (artifact id: '6b34240cbfda8ebd4aac29831e9bba53') in 0.002837 seconds 
========================================================================
Received Import Request.
  Time since last request: 0.000020 seconds.
  path: Assets/変更あり3.Materials/N00_000_00_Face_00_SKIN (Instance)__UNIGLTF__DUPLICATED__2.asset
  artifactKey: Guid(99779c17dcda39344851405976d00b6f) Importer(815301076,1909f56bfc062723c751e8b465ee728b)
Start importing Assets/変更あり3.Materials/N00_000_00_Face_00_SKIN (Instance)__UNIGLTF__DUPLICATED__2.asset using Guid(99779c17dcda39344851405976d00b6f) Importer(815301076,1909f56bfc062723c751e8b465ee728b)  -> (artifact id: 'c7416d2aad9434e7ecbd726a91b5a45d') in 0.344058 seconds 
========================================================================
Received Import Request.
  Time since last request: 0.000022 seconds.
  path: Assets/変更あり3.BlendShapes/BlendShape.I.asset
  artifactKey: Guid(2e12f55746b99b14c87ccf1e0b3d40e6) Importer(815301076,1909f56bfc062723c751e8b465ee728b)
Start importing Assets/変更あり3.BlendShapes/BlendShape.I.asset using Guid(2e12f55746b99b14c87ccf1e0b3d40e6) Importer(815301076,1909f56bfc062723c751e8b465ee728b)  -> (artifact id: 'd409d8593e806b69dee87cd60f9aa984') in 0.003262 seconds 
========================================================================
Received Import Request.
  Time since last request: 0.000038 seconds.
  path: Assets/変更あり3.Meshes/Body.baked.baked.baked.baked.asset
  artifactKey: Guid(20ade6e3973884e4ebbbfbb347bd58ac) Importer(815301076,1909f56bfc062723c751e8b465ee728b)
Start importing Assets/変更あり3.Meshes/Body.baked.baked.baked.baked.asset using Guid(20ade6e3973884e4ebbbfbb347bd58ac) Importer(815301076,1909f56bfc062723c751e8b465ee728b)  -> (artifact id: '0a26351ac9b8f9a3df005fd2890db627') in 0.110047 seconds 
========================================================================
Received Import Request.
  Time since last request: 0.000018 seconds.
  path: Assets/変更あり3.BlendShapes/BlendShape.LookDown.asset
  artifactKey: Guid(06bd818b6f46dfb4e84bec0e8df62dd2) Importer(815301076,1909f56bfc062723c751e8b465ee728b)
Start importing Assets/変更あり3.BlendShapes/BlendShape.LookDown.asset using Guid(06bd818b6f46dfb4e84bec0e8df62dd2) Importer(815301076,1909f56bfc062723c751e8b465ee728b)  -> (artifact id: 'acc89b00f42b44d3efe89b9ed77753dd') in 0.003100 seconds 
========================================================================
Received Import Request.
  Time since last request: 0.000020 seconds.
  path: Assets/変更あり3.Meshes/obj1(copy).asset
  artifactKey: Guid(6d5df794da5a8db49bd369ba4511400d) Importer(815301076,1909f56bfc062723c751e8b465ee728b)
Start importing Assets/変更あり3.Meshes/obj1(copy).asset using Guid(6d5df794da5a8db49bd369ba4511400d) Importer(815301076,1909f56bfc062723c751e8b465ee728b)  -> (artifact id: '52726574abc7eabd27bd585d2759aa22') in 0.011770 seconds 
========================================================================
Received Import Request.
  Time since last request: 0.000018 seconds.
  path: Assets/変更あり3.Materials/N00_000_00_EyeHighlight_00_EYE (Instance).asset
  artifactKey: Guid(ab36120a451d96f42808c62236bfab20) Importer(815301076,1909f56bfc062723c751e8b465ee728b)
Start importing Assets/変更あり3.Materials/N00_000_00_EyeHighlight_00_EYE (Instance).asset using Guid(ab36120a451d96f42808c62236bfab20) Importer(815301076,1909f56bfc062723c751e8b465ee728b)  -> (artifact id: 'f3c7c00bca1a974b27c11b3e995336ec') in 0.249882 seconds 
========================================================================
Received Import Request.
  Time since last request: 0.000020 seconds.
  path: Assets/変更あり3.Materials/N00_000_Hair_00_HAIR.asset
  artifactKey: Guid(8622dfe067bfd5346bfec316bc5f0345) Importer(815301076,1909f56bfc062723c751e8b465ee728b)
Start importing Assets/変更あり3.Materials/N00_000_Hair_00_HAIR.asset using Guid(8622dfe067bfd5346bfec316bc5f0345) Importer(815301076,1909f56bfc062723c751e8b465ee728b)  -> (artifact id: '9a8438e5b8fd31b0a0f077d56b259b38') in 0.117969 seconds 
========================================================================
Received Import Request.
  Time since last request: 0.000024 seconds.
  path: Assets/変更あり3.Meshes/obj6.baked.asset
  artifactKey: Guid(63ef9e6ddd3ef7f4585c9a5007bd78d5) Importer(815301076,1909f56bfc062723c751e8b465ee728b)
Start importing Assets/変更あり3.Meshes/obj6.baked.asset using Guid(63ef9e6ddd3ef7f4585c9a5007bd78d5) Importer(815301076,1909f56bfc062723c751e8b465ee728b)  -> (artifact id: '8b1114758690adb306a343d655228628') in 0.010703 seconds 
========================================================================
Received Import Request.
  Time since last request: 0.000016 seconds.
  path: Assets/変更あり3.Meshes/obj3.baked.asset
  artifactKey: Guid(6310b29a7cfc336459d2d8dc98685282) Importer(815301076,1909f56bfc062723c751e8b465ee728b)
Start importing Assets/変更あり3.Meshes/obj3.baked.asset using Guid(6310b29a7cfc336459d2d8dc98685282) Importer(815301076,1909f56bfc062723c751e8b465ee728b)  -> (artifact id: 'a15bb74ad24a5aa37ab9580f32e0f097') in 0.009557 seconds 
========================================================================
Received Import Request.
  Time since last request: 0.000018 seconds.
  path: Assets/変更あり3.Meshes/Hair001.baked.baked.baked.baked.asset
  artifactKey: Guid(7595690d21786214cafd0dceb3a31b3e) Importer(815301076,1909f56bfc062723c751e8b465ee728b)
Start importing Assets/変更あり3.Meshes/Hair001.baked.baked.baked.baked.asset using Guid(7595690d21786214cafd0dceb3a31b3e) Importer(815301076,1909f56bfc062723c751e8b465ee728b)  -> (artifact id: '09144ec0bba8a4cdf16d9b1c49ca82c0') in 0.020221 seconds 
========================================================================
Received Import Request.
  Time since last request: 0.000017 seconds.
  path: Assets/変更あり3.Textures/_05.normal.png
  artifactKey: Guid(d71083fd9bea9f94ea59c6335880ba9b) Importer(815301076,1909f56bfc062723c751e8b465ee728b)
Start importing Assets/変更あり3.Textures/_05.normal.png using Guid(d71083fd9bea9f94ea59c6335880ba9b) Importer(815301076,1909f56bfc062723c751e8b465ee728b)  -> (artifact id: '27c6731bf01b3dc5e35f4f1d734527bd') in 0.025043 seconds 
========================================================================
Received Import Request.
  Time since last request: 0.000026 seconds.
  path: Assets/変更あり3.BlendShapes/BlendShape.Neutral.asset
  artifactKey: Guid(4fe310824ed279e45b0f5d23069b76d3) Importer(815301076,1909f56bfc062723c751e8b465ee728b)
Start importing Assets/変更あり3.BlendShapes/BlendShape.Neutral.asset using Guid(4fe310824ed279e45b0f5d23069b76d3) Importer(815301076,1909f56bfc062723c751e8b465ee728b)  -> (artifact id: 'b9f159c1046f4faaf72d752fdac930a8') in 0.004375 seconds 
========================================================================
Received Import Request.
  Time since last request: 0.000026 seconds.
  path: Assets/変更あり3.Textures/_02.png
  artifactKey: Guid(fec49094a8e34a5478e09e17a0eb2a47) Importer(815301076,1909f56bfc062723c751e8b465ee728b)
Start importing Assets/変更あり3.Textures/_02.png using Guid(fec49094a8e34a5478e09e17a0eb2a47) Importer(815301076,1909f56bfc062723c751e8b465ee728b)  -> (artifact id: '58a9ae48a59d7116fb93e708db5f6d8f') in 0.012674 seconds 
========================================================================
Received Import Request.
  Time since last request: 0.000030 seconds.
  path: Assets/変更あり3.Meshes/obj2(copy)(copy)(copy).asset
  artifactKey: Guid(b7aead63a73027e438e04fdb09797bf7) Importer(815301076,1909f56bfc062723c751e8b465ee728b)
Start importing Assets/変更あり3.Meshes/obj2(copy)(copy)(copy).asset using Guid(b7aead63a73027e438e04fdb09797bf7) Importer(815301076,1909f56bfc062723c751e8b465ee728b)  -> (artifact id: 'be049debe33c9e7ed3def0d18d67f286') in 0.014870 seconds 
========================================================================
Received Import Request.
  Time since last request: 0.000032 seconds.
  path: Assets/変更あり3.BlendShapes/BlendShape.LookLeft.asset
  artifactKey: Guid(349c156cb7d210d468c62510cabf22a0) Importer(815301076,1909f56bfc062723c751e8b465ee728b)
Start importing Assets/変更あり3.BlendShapes/BlendShape.LookLeft.asset using Guid(349c156cb7d210d468c62510cabf22a0) Importer(815301076,1909f56bfc062723c751e8b465ee728b)  -> (artifact id: 'ed476f512f577342175d113c5ca37467') in 0.003274 seconds 
========================================================================
Received Import Request.
  Time since last request: 0.000018 seconds.
  path: Assets/変更あり3.Materials/N00_000_00_EyeWhite_00_EYE (Instance).asset
  artifactKey: Guid(60b0d1f2fde8a9547b3ea072c21c75cb) Importer(815301076,1909f56bfc062723c751e8b465ee728b)
Start importing Assets/変更あり3.Materials/N00_000_00_EyeWhite_00_EYE (Instance).asset using Guid(60b0d1f2fde8a9547b3ea072c21c75cb) Importer(815301076,1909f56bfc062723c751e8b465ee728b)  -> (artifact id: 'baa1830157895a1e0cf1e205f67c6623') in 0.108823 seconds 
========================================================================
Received Import Request.
  Time since last request: 0.000023 seconds.
  path: Assets/変更あり3.Textures/_03.png
  artifactKey: Guid(9c8f1712f29d4e34c9e224ac427d7a36) Importer(815301076,1909f56bfc062723c751e8b465ee728b)
Start importing Assets/変更あり3.Textures/_03.png using Guid(9c8f1712f29d4e34c9e224ac427d7a36) Importer(815301076,1909f56bfc062723c751e8b465ee728b)  -> (artifact id: '48456e5f19f24fa969c14e0c6cbbc091') in 0.010378 seconds 
========================================================================
Received Import Request.
  Time since last request: 0.000024 seconds.
  path: Assets/変更あり3.Textures/_06.png
  artifactKey: Guid(a2cb4b6795085574a82c104ac5844cf7) Importer(815301076,1909f56bfc062723c751e8b465ee728b)
Start importing Assets/変更あり3.Textures/_06.png using Guid(a2cb4b6795085574a82c104ac5844cf7) Importer(815301076,1909f56bfc062723c751e8b465ee728b)  -> (artifact id: '4f675a834ffdf4505d5c58286208a09c') in 0.009433 seconds 
========================================================================
Received Import Request.
  Time since last request: 0.000024 seconds.
  path: Assets/変更あり3.Materials/N00_000_00_FaceBrow_00_FACE (Instance).asset
  artifactKey: Guid(7cf120fdd55045345b3eda5c000040d3) Importer(815301076,1909f56bfc062723c751e8b465ee728b)
Start importing Assets/変更あり3.Materials/N00_000_00_FaceBrow_00_FACE (Instance).asset using Guid(7cf120fdd55045345b3eda5c000040d3) Importer(815301076,1909f56bfc062723c751e8b465ee728b)  -> (artifact id: 'b24e7191253c9ea805e6072236ef5b4d') in 0.010797 seconds 
========================================================================
Received Import Request.
  Time since last request: 0.000023 seconds.
  path: Assets/変更あり3.Materials/N00_000_00_FaceEyeline_00_FACE (Instance).asset
  artifactKey: Guid(1168d02e7b1864f4b9e31b1783dbb4a6) Importer(815301076,1909f56bfc062723c751e8b465ee728b)
Start importing Assets/変更あり3.Materials/N00_000_00_FaceEyeline_00_FACE (Instance).asset using Guid(1168d02e7b1864f4b9e31b1783dbb4a6) Importer(815301076,1909f56bfc062723c751e8b465ee728b)  -> (artifact id: '15ecda34a7f26cce5a300ef3c86a09fe') in 0.011826 seconds 
========================================================================
Received Import Request.
  Time since last request: 0.000018 seconds.
  path: Assets/変更あり3.Materials/N00_000_00_Body_00_SKIN.asset
  artifactKey: Guid(e73e2047a77c3ef44943d3c7979ca090) Importer(815301076,1909f56bfc062723c751e8b465ee728b)
Start importing Assets/変更あり3.Materials/N00_000_00_Body_00_SKIN.asset using Guid(e73e2047a77c3ef44943d3c7979ca090) Importer(815301076,1909f56bfc062723c751e8b465ee728b)  -> (artifact id: 'ca9549e584d51d74cfa9a72db3bf5ab6') in 0.036468 seconds 
========================================================================
Received Import Request.
  Time since last request: 0.000029 seconds.
  path: Assets/変更あり3.Materials/N00_007_01_Tops_01_CLOTH.asset
  artifactKey: Guid(6aa3200f3e53489469b24089682eff24) Importer(815301076,1909f56bfc062723c751e8b465ee728b)
Start importing Assets/変更あり3.Materials/N00_007_01_Tops_01_CLOTH.asset using Guid(6aa3200f3e53489469b24089682eff24) Importer(815301076,1909f56bfc062723c751e8b465ee728b)  -> (artifact id: 'fd51bfb62ad2cdc91a86627669dd8f7f') in 0.016557 seconds 
========================================================================
Received Import Request.
  Time since last request: 0.000021 seconds.
  path: Assets/変更あり3.BlendShapes/BlendShape.LookRight.asset
  artifactKey: Guid(14f7a880ffbb6c541988bf6cc89e7e6f) Importer(815301076,1909f56bfc062723c751e8b465ee728b)
Start importing Assets/変更あり3.BlendShapes/BlendShape.LookRight.asset using Guid(14f7a880ffbb6c541988bf6cc89e7e6f) Importer(815301076,1909f56bfc062723c751e8b465ee728b)  -> (artifact id: 'b097cf1bfc2674b2c5b91c2eda047fdf') in 0.003778 seconds 
========================================================================
Received Import Request.
  Time since last request: 0.000015 seconds.
  path: Assets/変更あり3.Materials/New Material__UNIGLTF__DUPLICATED__2.asset
  artifactKey: Guid(0830a2b81bc780a4786ce8c798edbee1) Importer(815301076,1909f56bfc062723c751e8b465ee728b)
Start importing Assets/変更あり3.Materials/New Material__UNIGLTF__DUPLICATED__2.asset using Guid(0830a2b81bc780a4786ce8c798edbee1) Importer(815301076,1909f56bfc062723c751e8b465ee728b)  -> (artifact id: '77b61554b63308459c1cf67d96817770') in 0.226271 seconds 
========================================================================
Received Import Request.
  Time since last request: 0.000017 seconds.
  path: Assets/変更あり3.BlendShapes/BlendShape.Blink_L.asset
  artifactKey: Guid(46325e2715a7c6447a700d28b73b4c3e) Importer(815301076,1909f56bfc062723c751e8b465ee728b)
Start importing Assets/変更あり3.BlendShapes/BlendShape.Blink_L.asset using Guid(46325e2715a7c6447a700d28b73b4c3e) Importer(815301076,1909f56bfc062723c751e8b465ee728b)  -> (artifact id: '463fcb5e2368f04fa71f2c34a6ef4ca3') in 0.003112 seconds 
========================================================================
Received Import Request.
  Time since last request: 0.000023 seconds.
  path: Assets/変更あり3.BlendShapes/BlendShape.Fun.asset
  artifactKey: Guid(d96aa0baad041374f8eefb81511711ea) Importer(815301076,1909f56bfc062723c751e8b465ee728b)
Start importing Assets/変更あり3.BlendShapes/BlendShape.Fun.asset using Guid(d96aa0baad041374f8eefb81511711ea) Importer(815301076,1909f56bfc062723c751e8b465ee728b)  -> (artifact id: '8ece1026789c66d77249019a1ea5769c') in 0.004184 seconds 
========================================================================
Received Import Request.
  Time since last request: 0.000018 seconds.
  path: Assets/変更あり3.Materials/N00_000_00_FaceMouth_00_FACE (Instance).asset
  artifactKey: Guid(ae01f7586944a7842912ddf5a7aa5e99) Importer(815301076,1909f56bfc062723c751e8b465ee728b)
Start importing Assets/変更あり3.Materials/N00_000_00_FaceMouth_00_FACE (Instance).asset using Guid(ae01f7586944a7842912ddf5a7aa5e99) Importer(815301076,1909f56bfc062723c751e8b465ee728b)  -> (artifact id: '3fff3133370d3aa28b96ddda4abbb80f') in 0.010785 seconds 
========================================================================
Received Import Request.
  Time since last request: 0.000016 seconds.
  path: Assets/変更あり3.Materials/N00_000_00_Face_00_SKIN (Instance).asset
  artifactKey: Guid(8cefbec0ba5789840ab92bbccd4a7bab) Importer(815301076,1909f56bfc062723c751e8b465ee728b)
Start importing Assets/変更あり3.Materials/N00_000_00_Face_00_SKIN (Instance).asset using Guid(8cefbec0ba5789840ab92bbccd4a7bab) Importer(815301076,1909f56bfc062723c751e8b465ee728b)  -> (artifact id: '519873ba1d66f2f06c35215d2349782e') in 0.010059 seconds 
========================================================================
Received Import Request.
  Time since last request: 0.000016 seconds.
  path: Assets/変更あり3.Textures/_01.png
  artifactKey: Guid(f58e684cb7dcfa04597576331ab6abcb) Importer(815301076,1909f56bfc062723c751e8b465ee728b)
Start importing Assets/変更あり3.Textures/_01.png using Guid(f58e684cb7dcfa04597576331ab6abcb) Importer(815301076,1909f56bfc062723c751e8b465ee728b)  -> (artifact id: '37d9db758d20817aec1c6a8705f03652') in 0.008388 seconds 
========================================================================
Received Import Request.
  Time since last request: 0.000016 seconds.
  path: Assets/変更あり3.BlendShapes/BlendShape.Blink.asset
  artifactKey: Guid(ff3e1b968d6e20b48ba14665f1a99795) Importer(815301076,1909f56bfc062723c751e8b465ee728b)
Start importing Assets/変更あり3.BlendShapes/BlendShape.Blink.asset using Guid(ff3e1b968d6e20b48ba14665f1a99795) Importer(815301076,1909f56bfc062723c751e8b465ee728b)  -> (artifact id: '4e745110aa1cd46016d03abf7c9a3e6c') in 0.002930 seconds 
========================================================================
Received Import Request.
  Time since last request: 0.000015 seconds.
  path: Assets/変更あり3.Materials/mat3.asset
  artifactKey: Guid(2c35c7d0781879c448721213477c750c) Importer(815301076,1909f56bfc062723c751e8b465ee728b)
Start importing Assets/変更あり3.Materials/mat3.asset using Guid(2c35c7d0781879c448721213477c750c) Importer(815301076,1909f56bfc062723c751e8b465ee728b)  -> (artifact id: '72a4e028a25dd35220e15f1d016fc254') in 0.074466 seconds 
========================================================================
Received Import Request.
  Time since last request: 10.361026 seconds.
  path: Assets/ScreenShots/0131203052img.png
  artifactKey: Guid(d9ef28ef45a723142b73c65d5036af45) Importer(815301076,1909f56bfc062723c751e8b465ee728b)
Start importing Assets/ScreenShots/0131203052img.png using Guid(d9ef28ef45a723142b73c65d5036af45) Importer(815301076,1909f56bfc062723c751e8b465ee728b)  -> (artifact id: '8a74ba3887308c6b37ab6bbfc241ce2e') in 0.011428 seconds 
========================================================================
Received Import Request.
  Time since last request: 10.088160 seconds.
  path: Assets/Farniture/Mebel_ Edvard.obj
  artifactKey: Guid(51fed96f8a822a1439e79739aa4f7eed) Importer(815301076,1909f56bfc062723c751e8b465ee728b)
Start importing Assets/Farniture/Mebel_ Edvard.obj using Guid(51fed96f8a822a1439e79739aa4f7eed) Importer(815301076,1909f56bfc062723c751e8b465ee728b)  -> (artifact id: '9c3a42411b6c0349efff37cdbe41b56e') in 0.039923 seconds 
========================================================================
Received Prepare
Registering precompiled user dll's ...
Registered in 0.005998 seconds.
Begin MonoManager ReloadAssembly
Symbol file LoadedFromMemory doesn't match image C:\Users\hibar\Unity\Fuku\Fuku\Fuku\Library\PackageCache\com.unity.visualscripting@1.7.6\Editor\VisualScripting.Core\Dependencies\YamlDotNet\Unity.VisualScripting.YamlDotNet.dll
Symbol file LoadedFromMemory is not a mono symbol file
Symbol file LoadedFromMemory doesn't match image C:\Users\hibar\Unity\Fuku\Fuku\Fuku\Library\PackageCache\com.unity.visualscripting@1.7.6\Editor\VisualScripting.Core\Dependencies\DotNetZip\Unity.VisualScripting.IonicZip.dll
Native extension for WindowsStandalone target not found
Native extension for WebGL target not found
Refreshing native plugins compatible for Editor in 0.80 ms, found 6 plugins.
Preloading 0 native plugins for Editor in 0.00 ms.
Mono: successfully reloaded assembly
- Completed reload, in  1.189 seconds
Domain Reload Profiling:
	ReloadAssembly (1190ms)
		BeginReloadAssembly (161ms)
			ExecutionOrderSort (0ms)
			DisableScriptedObjects (5ms)
			BackupInstance (0ms)
			ReleaseScriptingObjects (0ms)
			CreateAndSetChildDomain (40ms)
		EndReloadAssembly (913ms)
			LoadAssemblies (167ms)
			RebuildTransferFunctionScriptingTraits (0ms)
			SetupTypeCache (267ms)
			ReleaseScriptCaches (4ms)
			RebuildScriptCaches (74ms)
			SetupLoadedEditorAssemblies (376ms)
				LogAssemblyErrors (0ms)
				InitializePlatformSupportModulesInManaged (17ms)
				SetLoadedEditorAssemblies (0ms)
				RefreshPlugins (1ms)
				BeforeProcessingInitializeOnLoad (97ms)
				ProcessInitializeOnLoadAttributes (226ms)
				ProcessInitializeOnLoadMethodAttributes (27ms)
				AfterProcessingInitializeOnLoad (7ms)
				EditorAssembliesLoaded (0ms)
			ExecutionOrderSort2 (0ms)
			AwakeInstancesAfterBackupRestoration (6ms)
Platform modules already initialized, skipping
Refreshing native plugins compatible for Editor in 3.94 ms, found 6 plugins.
Preloading 0 native plugins for Editor in 0.00 ms.
Unloading 3923 Unused Serialized files (Serialized files now loaded: 0)
Unloading 15 unused Assets / (31.7 KB). Loaded Objects now: 4491.
Memory consumption went from 146.4 MB to 146.3 MB.
Total: 5.788600 ms (FindLiveObjects: 0.612200 ms CreateObjectMapping: 0.530000 ms MarkObjects: 4.622200 ms  DeleteObjects: 0.021100 ms)

AssetImportParameters requested are different than current active one (requested -> active):
  custom:video-decoder-ogg-theora: a1e56fd34408186e4bbccfd4996cb3dc -> 
  custom:container-muxer-webm: aa71ff27fc2769a1b78a27578f13a17b -> 
  custom:container-demuxer-webm: 4f35f7cbe854078d1ac9338744f61a02 -> 
  custom:video-encoder-webm-vp8: eb34c28f22e8b96e1ab97ce403110664 -> 
  custom:video-codec-MediaFoundation-h265: 746d11721c4dcdbdad8f713fa42b33f4 -> 
  custom:audio-encoder-webm-vorbis: bf7c407c2cedff20999df2af8eb42d56 -> 
  custom:framework-win-MediaFoundation: 216162199b28c13a410421893ffa2e32 -> 
  custom:container-demuxer-ogg: 62fdf1f143b41e24485cea50d1cbac27 -> 
  custom:video-decoder-webm-vp8: 9c59270c3fd7afecdb556c50c9e8de78 -> 
  custom:audio-decoder-ogg-vorbis: bf7c407c2cedff20999df2af8eb42d56 -> 
========================================================================
Received Prepare
Registering precompiled user dll's ...
Registered in 0.004639 seconds.
Begin MonoManager ReloadAssembly
Symbol file LoadedFromMemory doesn't match image C:\Users\hibar\Unity\Fuku\Fuku\Fuku\Library\PackageCache\com.unity.visualscripting@1.7.6\Editor\VisualScripting.Core\Dependencies\YamlDotNet\Unity.VisualScripting.YamlDotNet.dll
Symbol file LoadedFromMemory is not a mono symbol file
Symbol file LoadedFromMemory doesn't match image C:\Users\hibar\Unity\Fuku\Fuku\Fuku\Library\PackageCache\com.unity.visualscripting@1.7.6\Editor\VisualScripting.Core\Dependencies\DotNetZip\Unity.VisualScripting.IonicZip.dll
Native extension for WindowsStandalone target not found
Native extension for WebGL target not found
Refreshing native plugins compatible for Editor in 0.78 ms, found 6 plugins.
Preloading 0 native plugins for Editor in 0.00 ms.
Mono: successfully reloaded assembly
- Completed reload, in  0.898 seconds
Domain Reload Profiling:
	ReloadAssembly (899ms)
		BeginReloadAssembly (117ms)
			ExecutionOrderSort (0ms)
			DisableScriptedObjects (5ms)
			BackupInstance (0ms)
			ReleaseScriptingObjects (0ms)
			CreateAndSetChildDomain (34ms)
		EndReloadAssembly (689ms)
			LoadAssemblies (79ms)
			RebuildTransferFunctionScriptingTraits (0ms)
			SetupTypeCache (222ms)
			ReleaseScriptCaches (3ms)
			RebuildScriptCaches (55ms)
			SetupLoadedEditorAssemblies (297ms)
				LogAssemblyErrors (0ms)
				InitializePlatformSupportModulesInManaged (12ms)
				SetLoadedEditorAssemblies (1ms)
				RefreshPlugins (1ms)
				BeforeProcessingInitializeOnLoad (79ms)
				ProcessInitializeOnLoadAttributes (178ms)
				ProcessInitializeOnLoadMethodAttributes (20ms)
				AfterProcessingInitializeOnLoad (5ms)
				EditorAssembliesLoaded (0ms)
			ExecutionOrderSort2 (0ms)
			AwakeInstancesAfterBackupRestoration (5ms)
Platform modules already initialized, skipping
Refreshing native plugins compatible for Editor in 3.61 ms, found 6 plugins.
Preloading 0 native plugins for Editor in 0.00 ms.
Unloading 3923 Unused Serialized files (Serialized files now loaded: 0)
Unloading 15 unused Assets / (32.9 KB). Loaded Objects now: 4495.
Memory consumption went from 146.4 MB to 146.3 MB.
Total: 5.956400 ms (FindLiveObjects: 0.366700 ms CreateObjectMapping: 0.843100 ms MarkObjects: 4.627000 ms  DeleteObjects: 0.082600 ms)

AssetImportParameters requested are different than current active one (requested -> active):
  custom:video-decoder-ogg-theora: a1e56fd34408186e4bbccfd4996cb3dc -> 
  custom:container-muxer-webm: aa71ff27fc2769a1b78a27578f13a17b -> 
  custom:container-demuxer-webm: 4f35f7cbe854078d1ac9338744f61a02 -> 
  custom:video-encoder-webm-vp8: eb34c28f22e8b96e1ab97ce403110664 -> 
  custom:video-codec-MediaFoundation-h265: 746d11721c4dcdbdad8f713fa42b33f4 -> 
  custom:audio-encoder-webm-vorbis: bf7c407c2cedff20999df2af8eb42d56 -> 
  custom:framework-win-MediaFoundation: 216162199b28c13a410421893ffa2e32 -> 
  custom:container-demuxer-ogg: 62fdf1f143b41e24485cea50d1cbac27 -> 
  custom:video-decoder-webm-vp8: 9c59270c3fd7afecdb556c50c9e8de78 -> 
  custom:audio-decoder-ogg-vorbis: bf7c407c2cedff20999df2af8eb42d56 -> 
========================================================================
Received Prepare
Registering precompiled user dll's ...
Registered in 0.005966 seconds.
Begin MonoManager ReloadAssembly
Symbol file LoadedFromMemory doesn't match image C:\Users\hibar\Unity\Fuku\Fuku\Fuku\Library\PackageCache\com.unity.visualscripting@1.7.6\Editor\VisualScripting.Core\Dependencies\YamlDotNet\Unity.VisualScripting.YamlDotNet.dll
Symbol file LoadedFromMemory is not a mono symbol file
Symbol file LoadedFromMemory doesn't match image C:\Users\hibar\Unity\Fuku\Fuku\Fuku\Library\PackageCache\com.unity.visualscripting@1.7.6\Editor\VisualScripting.Core\Dependencies\DotNetZip\Unity.VisualScripting.IonicZip.dll
Native extension for WindowsStandalone target not found
Native extension for WebGL target not found
Refreshing native plugins compatible for Editor in 0.80 ms, found 6 plugins.
Preloading 0 native plugins for Editor in 0.00 ms.
Mono: successfully reloaded assembly
- Completed reload, in  0.918 seconds
Domain Reload Profiling:
	ReloadAssembly (919ms)
		BeginReloadAssembly (117ms)
			ExecutionOrderSort (0ms)
			DisableScriptedObjects (5ms)
			BackupInstance (0ms)
			ReleaseScriptingObjects (0ms)
			CreateAndSetChildDomain (32ms)
		EndReloadAssembly (704ms)
			LoadAssemblies (80ms)
			RebuildTransferFunctionScriptingTraits (0ms)
			SetupTypeCache (222ms)
			ReleaseScriptCaches (3ms)
			RebuildScriptCaches (56ms)
			SetupLoadedEditorAssemblies (301ms)
				LogAssemblyErrors (0ms)
				InitializePlatformSupportModulesInManaged (15ms)
				SetLoadedEditorAssemblies (0ms)
				RefreshPlugins (1ms)
				BeforeProcessingInitializeOnLoad (82ms)
				ProcessInitializeOnLoadAttributes (176ms)
				ProcessInitializeOnLoadMethodAttributes (21ms)
				AfterProcessingInitializeOnLoad (5ms)
				EditorAssembliesLoaded (0ms)
			ExecutionOrderSort2 (0ms)
			AwakeInstancesAfterBackupRestoration (5ms)
Platform modules already initialized, skipping
Refreshing native plugins compatible for Editor in 3.75 ms, found 6 plugins.
Preloading 0 native plugins for Editor in 0.00 ms.
Unloading 3923 Unused Serialized files (Serialized files now loaded: 0)
Unloading 15 unused Assets / (31.8 KB). Loaded Objects now: 4499.
Memory consumption went from 146.4 MB to 146.4 MB.
Total: 4.713300 ms (FindLiveObjects: 0.324500 ms CreateObjectMapping: 0.218800 ms MarkObjects: 4.138100 ms  DeleteObjects: 0.030000 ms)

AssetImportParameters requested are different than current active one (requested -> active):
  custom:video-decoder-ogg-theora: a1e56fd34408186e4bbccfd4996cb3dc -> 
  custom:container-muxer-webm: aa71ff27fc2769a1b78a27578f13a17b -> 
  custom:container-demuxer-webm: 4f35f7cbe854078d1ac9338744f61a02 -> 
  custom:video-encoder-webm-vp8: eb34c28f22e8b96e1ab97ce403110664 -> 
  custom:video-codec-MediaFoundation-h265: 746d11721c4dcdbdad8f713fa42b33f4 -> 
  custom:audio-encoder-webm-vorbis: bf7c407c2cedff20999df2af8eb42d56 -> 
  custom:framework-win-MediaFoundation: 216162199b28c13a410421893ffa2e32 -> 
  custom:container-demuxer-ogg: 62fdf1f143b41e24485cea50d1cbac27 -> 
  custom:video-decoder-webm-vp8: 9c59270c3fd7afecdb556c50c9e8de78 -> 
  custom:audio-decoder-ogg-vorbis: bf7c407c2cedff20999df2af8eb42d56 -> 
