Using pre-set license
Built from '2021.3/staging' branch; Version is '2021.3.0f1 (6eacc8284459) revision 7253192'; Using compiler version '192829333'; Build Type 'Release'
OS: 'Windows 11  (10.0.22000) 64bit Core' Language: 'ja' Physical Memory: 16125 MB
BatchMode: 1, IsHumanControllingUs: 0, StartBugReporterOnCrash: 0, Is64bit: 1, IsPro: 1

COMMAND LINE ARGUMENTS:
C:\Program Files\Unity\Hub\Editor\2021.3.0f1\Editor\Unity.exe
-adb2
-batchMode
-noUpm
-name
AssetImportWorker3
-projectPath
C:/Users/hibar/Unity/Fuku/Fuku/Fuku
-logFile
Logs/AssetImportWorker3.log
-srvPort
64313
Successfully changed project path to: C:/Users/hibar/Unity/Fuku/Fuku/Fuku
C:/Users/hibar/Unity/Fuku/Fuku/Fuku
[UnityMemory] Configuration Parameters - Can be set up in boot.config
    "memorysetup-bucket-allocator-granularity=16"
    "memorysetup-bucket-allocator-bucket-count=8"
    "memorysetup-bucket-allocator-block-size=33554432"
    "memorysetup-bucket-allocator-block-count=8"
    "memorysetup-main-allocator-block-size=16777216"
    "memorysetup-thread-allocator-block-size=16777216"
    "memorysetup-gfx-main-allocator-block-size=16777216"
    "memorysetup-gfx-thread-allocator-block-size=16777216"
    "memorysetup-cache-allocator-block-size=4194304"
    "memorysetup-typetree-allocator-block-size=2097152"
    "memorysetup-profiler-bucket-allocator-granularity=16"
    "memorysetup-profiler-bucket-allocator-bucket-count=8"
    "memorysetup-profiler-bucket-allocator-block-size=33554432"
    "memorysetup-profiler-bucket-allocator-block-count=8"
    "memorysetup-profiler-allocator-block-size=16777216"
    "memorysetup-profiler-editor-allocator-block-size=1048576"
    "memorysetup-temp-allocator-size-main=16777216"
    "memorysetup-job-temp-allocator-block-size=2097152"
    "memorysetup-job-temp-allocator-block-size-background=1048576"
    "memorysetup-job-temp-allocator-reduction-small-platforms=262144"
    "memorysetup-temp-allocator-size-background-worker=32768"
    "memorysetup-temp-allocator-size-job-worker=262144"
    "memorysetup-temp-allocator-size-preload-manager=33554432"
    "memorysetup-temp-allocator-size-nav-mesh-worker=65536"
    "memorysetup-temp-allocator-size-audio-worker=65536"
    "memorysetup-temp-allocator-size-cloud-worker=32768"
    "memorysetup-temp-allocator-size-gi-baking-worker=262144"
    "memorysetup-temp-allocator-size-gfx=262144"
Refreshing native plugins compatible for Editor in 77.29 ms, found 6 plugins.
Preloading 0 native plugins for Editor in 0.00 ms.
Initialize engine version: 2021.3.0f1 (6eacc8284459)
[Subsystems] Discovering subsystems at path C:/Program Files/Unity/Hub/Editor/2021.3.0f1/Editor/Data/Resources/UnitySubsystems
[Subsystems] Discovering subsystems at path C:/Users/hibar/Unity/Fuku/Fuku/Fuku/Assets
GfxDevice: creating device client; threaded=0; jobified=0
Direct3D:
    Version:  Direct3D 11.0 [level 11.1]
    Renderer: NVIDIA GeForce RTX 3060 Laptop GPU (ID=0x2520)
    Vendor:   NVIDIA
    VRAM:     6023 MB
    Driver:   30.0.15.1179
Initialize mono
Mono path[0] = 'C:/Program Files/Unity/Hub/Editor/2021.3.0f1/Editor/Data/Managed'
Mono path[1] = 'C:/Program Files/Unity/Hub/Editor/2021.3.0f1/Editor/Data/MonoBleedingEdge/lib/mono/unityjit-win32'
Mono config path = 'C:/Program Files/Unity/Hub/Editor/2021.3.0f1/Editor/Data/MonoBleedingEdge/etc'
Using monoOptions --debugger-agent=transport=dt_socket,embedding=1,server=y,suspend=n,address=127.0.0.1:56596
Begin MonoManager ReloadAssembly
Registering precompiled unity dll's ...
Register platform support module: C:/Program Files/Unity/Hub/Editor/2021.3.0f1/Editor/Data/PlaybackEngines/WebGLSupport/UnityEditor.WebGL.Extensions.dll
Register platform support module: C:/Program Files/Unity/Hub/Editor/2021.3.0f1/Editor/Data/PlaybackEngines/WindowsStandaloneSupport/UnityEditor.WindowsStandalone.Extensions.dll
Registered in 0.004221 seconds.
Native extension for WindowsStandalone target not found
Native extension for WebGL target not found
Refreshing native plugins compatible for Editor in 64.30 ms, found 6 plugins.
Preloading 0 native plugins for Editor in 0.00 ms.
Mono: successfully reloaded assembly
- Completed reload, in  0.526 seconds
Domain Reload Profiling:
	ReloadAssembly (526ms)
		BeginReloadAssembly (78ms)
			ExecutionOrderSort (0ms)
			DisableScriptedObjects (0ms)
			BackupInstance (0ms)
			ReleaseScriptingObjects (0ms)
			CreateAndSetChildDomain (1ms)
		EndReloadAssembly (345ms)
			LoadAssemblies (76ms)
			RebuildTransferFunctionScriptingTraits (0ms)
			SetupTypeCache (79ms)
			ReleaseScriptCaches (0ms)
			RebuildScriptCaches (23ms)
			SetupLoadedEditorAssemblies (201ms)
				LogAssemblyErrors (0ms)
				InitializePlatformSupportModulesInManaged (7ms)
				SetLoadedEditorAssemblies (0ms)
				RefreshPlugins (64ms)
				BeforeProcessingInitializeOnLoad (1ms)
				ProcessInitializeOnLoadAttributes (94ms)
				ProcessInitializeOnLoadMethodAttributes (34ms)
				AfterProcessingInitializeOnLoad (0ms)
				EditorAssembliesLoaded (0ms)
			ExecutionOrderSort2 (0ms)
			AwakeInstancesAfterBackupRestoration (0ms)
Platform modules already initialized, skipping
Registering precompiled user dll's ...
Registered in 0.003516 seconds.
Begin MonoManager ReloadAssembly
Symbol file LoadedFromMemory doesn't match image C:\Users\hibar\Unity\Fuku\Fuku\Fuku\Library\PackageCache\com.unity.visualscripting@1.7.6\Editor\VisualScripting.Core\Dependencies\YamlDotNet\Unity.VisualScripting.YamlDotNet.dll
Symbol file LoadedFromMemory is not a mono symbol file
Symbol file LoadedFromMemory doesn't match image C:\Users\hibar\Unity\Fuku\Fuku\Fuku\Library\PackageCache\com.unity.visualscripting@1.7.6\Editor\VisualScripting.Core\Dependencies\DotNetZip\Unity.VisualScripting.IonicZip.dll
Native extension for WindowsStandalone target not found
Native extension for WebGL target not found
Refreshing native plugins compatible for Editor in 65.91 ms, found 6 plugins.
Preloading 0 native plugins for Editor in 0.00 ms.
Package Manager log level set to [2]
Mono: successfully reloaded assembly
- Completed reload, in  0.877 seconds
Domain Reload Profiling:
	ReloadAssembly (879ms)
		BeginReloadAssembly (98ms)
			ExecutionOrderSort (0ms)
			DisableScriptedObjects (5ms)
			BackupInstance (0ms)
			ReleaseScriptingObjects (0ms)
			CreateAndSetChildDomain (25ms)
		EndReloadAssembly (687ms)
			LoadAssemblies (76ms)
			RebuildTransferFunctionScriptingTraits (0ms)
			SetupTypeCache (181ms)
			ReleaseScriptCaches (1ms)
			RebuildScriptCaches (47ms)
			SetupLoadedEditorAssemblies (340ms)
				LogAssemblyErrors (0ms)
				InitializePlatformSupportModulesInManaged (4ms)
				SetLoadedEditorAssemblies (0ms)
				RefreshPlugins (66ms)
				BeforeProcessingInitializeOnLoad (67ms)
				ProcessInitializeOnLoadAttributes (180ms)
				ProcessInitializeOnLoadMethodAttributes (17ms)
				AfterProcessingInitializeOnLoad (5ms)
				EditorAssembliesLoaded (0ms)
			ExecutionOrderSort2 (0ms)
			AwakeInstancesAfterBackupRestoration (5ms)
Platform modules already initialized, skipping
========================================================================
Worker process is ready to serve import requests
Launched and connected shader compiler UnityShaderCompiler.exe after 0.04 seconds
Refreshing native plugins compatible for Editor in 1.18 ms, found 6 plugins.
Preloading 0 native plugins for Editor in 0.00 ms.
Unloading 3953 Unused Serialized files (Serialized files now loaded: 0)
Unloading 23 unused Assets / (56.4 KB). Loaded Objects now: 4437.
Memory consumption went from 143.7 MB to 143.7 MB.
Total: 4.837100 ms (FindLiveObjects: 0.430700 ms CreateObjectMapping: 0.175700 ms MarkObjects: 4.091100 ms  DeleteObjects: 0.137700 ms)

AssetImportParameters requested are different than current active one (requested -> active):
  colorSpace: 1 -> 0
  custom:video-decoder-ogg-theora: a1e56fd34408186e4bbccfd4996cb3dc -> 
  custom:container-muxer-webm: aa71ff27fc2769a1b78a27578f13a17b -> 
  custom:container-demuxer-webm: 4f35f7cbe854078d1ac9338744f61a02 -> 
  custom:video-encoder-webm-vp8: eb34c28f22e8b96e1ab97ce403110664 -> 
  custom:video-codec-MediaFoundation-h265: 746d11721c4dcdbdad8f713fa42b33f4 -> 
  custom:audio-encoder-webm-vorbis: bf7c407c2cedff20999df2af8eb42d56 -> 
  custom:framework-win-MediaFoundation: 216162199b28c13a410421893ffa2e32 -> 
  custom:container-demuxer-ogg: 62fdf1f143b41e24485cea50d1cbac27 -> 
  custom:video-decoder-webm-vp8: 9c59270c3fd7afecdb556c50c9e8de78 -> 
  custom:graphics/active-color-space: 03000000000000000000000000000000 -> 02000000000000000000000000000000
  custom:audio-decoder-ogg-vorbis: bf7c407c2cedff20999df2af8eb42d56 -> 
========================================================================
Received Prepare
Registering precompiled user dll's ...
Registered in 0.003453 seconds.
Begin MonoManager ReloadAssembly
Symbol file LoadedFromMemory doesn't match image C:\Users\hibar\Unity\Fuku\Fuku\Fuku\Library\PackageCache\com.unity.visualscripting@1.7.6\Editor\VisualScripting.Core\Dependencies\YamlDotNet\Unity.VisualScripting.YamlDotNet.dll
Symbol file LoadedFromMemory is not a mono symbol file
Symbol file LoadedFromMemory doesn't match image C:\Users\hibar\Unity\Fuku\Fuku\Fuku\Library\PackageCache\com.unity.visualscripting@1.7.6\Editor\VisualScripting.Core\Dependencies\DotNetZip\Unity.VisualScripting.IonicZip.dll
Native extension for WindowsStandalone target not found
Native extension for WebGL target not found
Refreshing native plugins compatible for Editor in 0.72 ms, found 6 plugins.
Preloading 0 native plugins for Editor in 0.00 ms.
Mono: successfully reloaded assembly
- Completed reload, in  0.791 seconds
Domain Reload Profiling:
	ReloadAssembly (792ms)
		BeginReloadAssembly (109ms)
			ExecutionOrderSort (0ms)
			DisableScriptedObjects (4ms)
			BackupInstance (0ms)
			ReleaseScriptingObjects (0ms)
			CreateAndSetChildDomain (30ms)
		EndReloadAssembly (608ms)
			LoadAssemblies (67ms)
			RebuildTransferFunctionScriptingTraits (0ms)
			SetupTypeCache (192ms)
			ReleaseScriptCaches (3ms)
			RebuildScriptCaches (49ms)
			SetupLoadedEditorAssemblies (258ms)
				LogAssemblyErrors (0ms)
				InitializePlatformSupportModulesInManaged (11ms)
				SetLoadedEditorAssemblies (0ms)
				RefreshPlugins (1ms)
				BeforeProcessingInitializeOnLoad (65ms)
				ProcessInitializeOnLoadAttributes (158ms)
				ProcessInitializeOnLoadMethodAttributes (18ms)
				AfterProcessingInitializeOnLoad (5ms)
				EditorAssembliesLoaded (0ms)
			ExecutionOrderSort2 (0ms)
			AwakeInstancesAfterBackupRestoration (4ms)
Platform modules already initialized, skipping
Refreshing native plugins compatible for Editor in 2.96 ms, found 6 plugins.
Preloading 0 native plugins for Editor in 0.00 ms.
Unloading 3923 Unused Serialized files (Serialized files now loaded: 0)
Unloading 15 unused Assets / (31.7 KB). Loaded Objects now: 4441.
Memory consumption went from 141.5 MB to 141.5 MB.
Total: 2.332100 ms (FindLiveObjects: 0.221600 ms CreateObjectMapping: 0.089900 ms MarkObjects: 1.996600 ms  DeleteObjects: 0.021100 ms)

AssetImportParameters requested are different than current active one (requested -> active):
  custom:video-decoder-ogg-theora: a1e56fd34408186e4bbccfd4996cb3dc -> 
  custom:container-muxer-webm: aa71ff27fc2769a1b78a27578f13a17b -> 
  custom:container-demuxer-webm: 4f35f7cbe854078d1ac9338744f61a02 -> 
  custom:video-encoder-webm-vp8: eb34c28f22e8b96e1ab97ce403110664 -> 
  custom:video-codec-MediaFoundation-h265: 746d11721c4dcdbdad8f713fa42b33f4 -> 
  custom:audio-encoder-webm-vorbis: bf7c407c2cedff20999df2af8eb42d56 -> 
  custom:framework-win-MediaFoundation: 216162199b28c13a410421893ffa2e32 -> 
  custom:container-demuxer-ogg: 62fdf1f143b41e24485cea50d1cbac27 -> 
  custom:video-decoder-webm-vp8: 9c59270c3fd7afecdb556c50c9e8de78 -> 
  custom:audio-decoder-ogg-vorbis: bf7c407c2cedff20999df2af8eb42d56 -> 
========================================================================
Received Import Request.
  Time since last request: 167592.274352 seconds.
  path: Assets/変更あり3.BlendShapes/BlendShape.Angry.asset
  artifactKey: Guid(b0348d66ca99f0e44af73dcb3c20dc7e) Importer(815301076,1909f56bfc062723c751e8b465ee728b)
Start importing Assets/変更あり3.BlendShapes/BlendShape.Angry.asset using Guid(b0348d66ca99f0e44af73dcb3c20dc7e) Importer(815301076,1909f56bfc062723c751e8b465ee728b)  -> (artifact id: 'c84a060f76173cd5810e2ee563902505') in 0.036842 seconds 
========================================================================
Received Import Request.
  Time since last request: 0.000021 seconds.
  path: Assets/変更あり3.Materials/mat4.asset
  artifactKey: Guid(bc429615e0ad44044a537013f6a63294) Importer(815301076,1909f56bfc062723c751e8b465ee728b)
Start importing Assets/変更あり3.Materials/mat4.asset using Guid(bc429615e0ad44044a537013f6a63294) Importer(815301076,1909f56bfc062723c751e8b465ee728b)  -> (artifact id: '7e97ffbdb7ea934c2ba78dbc81ec8d40') in 0.320634 seconds 
========================================================================
Received Import Request.
  Time since last request: 0.000027 seconds.
  path: Assets/変更あり3.Textures/_09.png
  artifactKey: Guid(d16147544e29bd246833fd50ff34155c) Importer(815301076,1909f56bfc062723c751e8b465ee728b)
Start importing Assets/変更あり3.Textures/_09.png using Guid(d16147544e29bd246833fd50ff34155c) Importer(815301076,1909f56bfc062723c751e8b465ee728b)  -> (artifact id: '44098c27b1a91392502ab139d7f05a05') in 0.027816 seconds 
========================================================================
Received Import Request.
  Time since last request: 0.000021 seconds.
  path: Assets/変更あり3.Materials/New Material 1.asset
  artifactKey: Guid(f683f99d363e4a846a37d7eb68442833) Importer(815301076,1909f56bfc062723c751e8b465ee728b)
Start importing Assets/変更あり3.Materials/New Material 1.asset using Guid(f683f99d363e4a846a37d7eb68442833) Importer(815301076,1909f56bfc062723c751e8b465ee728b)  -> (artifact id: '4433e4bbf727bd47178f42bed8dff7f8') in 0.096060 seconds 
========================================================================
Received Import Request.
  Time since last request: 0.000019 seconds.
  path: Assets/変更あり3.BlendShapes/BlendShape.Blink_R.asset
  artifactKey: Guid(0f53b02bd00be8144aaa64b3c60548c9) Importer(815301076,1909f56bfc062723c751e8b465ee728b)
Start importing Assets/変更あり3.BlendShapes/BlendShape.Blink_R.asset using Guid(0f53b02bd00be8144aaa64b3c60548c9) Importer(815301076,1909f56bfc062723c751e8b465ee728b)  -> (artifact id: 'cd783b7edda5f9f95acee1020d8c0d93') in 0.003175 seconds 
========================================================================
Received Import Request.
  Time since last request: 0.000022 seconds.
  path: Assets/変更あり3.Materials/New Material.asset
  artifactKey: Guid(46969f7e93b08014bad922156a38f8b2) Importer(815301076,1909f56bfc062723c751e8b465ee728b)
Start importing Assets/変更あり3.Materials/New Material.asset using Guid(46969f7e93b08014bad922156a38f8b2) Importer(815301076,1909f56bfc062723c751e8b465ee728b)  -> (artifact id: '967249ba07855aa2565d7614305d4cca') in 0.012970 seconds 
========================================================================
Received Import Request.
  Time since last request: 0.000016 seconds.
  path: Assets/変更あり3.BlendShapes/BlendShape.Surprised.asset
  artifactKey: Guid(963d1064b14d46b47a1e6de8ec6f8c8e) Importer(815301076,1909f56bfc062723c751e8b465ee728b)
Start importing Assets/変更あり3.BlendShapes/BlendShape.Surprised.asset using Guid(963d1064b14d46b47a1e6de8ec6f8c8e) Importer(815301076,1909f56bfc062723c751e8b465ee728b)  -> (artifact id: '0d32318b210ad4bfbd6d0a0bc82d4b1f') in 0.003968 seconds 
========================================================================
Received Import Request.
  Time since last request: 0.000025 seconds.
  path: Assets/変更あり3.Textures/_04.png
  artifactKey: Guid(80e8ce82390939e48b165dfc700301c3) Importer(815301076,1909f56bfc062723c751e8b465ee728b)
Start importing Assets/変更あり3.Textures/_04.png using Guid(80e8ce82390939e48b165dfc700301c3) Importer(815301076,1909f56bfc062723c751e8b465ee728b)  -> (artifact id: '7210ca7bb3439282cb3b044dd95ba28a') in 0.009509 seconds 
========================================================================
Received Import Request.
  Time since last request: 0.000021 seconds.
  path: Assets/変更あり3.Meshes/Face(Clone).baked.baked.baked.baked.asset
  artifactKey: Guid(ee48faabd961f994d8b80df3f1417573) Importer(815301076,1909f56bfc062723c751e8b465ee728b)
Start importing Assets/変更あり3.Meshes/Face(Clone).baked.baked.baked.baked.asset using Guid(ee48faabd961f994d8b80df3f1417573) Importer(815301076,1909f56bfc062723c751e8b465ee728b)  -> (artifact id: '60af88b34f831e79bf4173339c44596d') in 0.198196 seconds 
========================================================================
Received Import Request.
  Time since last request: 0.000022 seconds.
  path: Assets/変更あり3.BlendShapes/BlendShape.Joy.asset
  artifactKey: Guid(2211b22072255bc4ea986a828ceda1fd) Importer(815301076,1909f56bfc062723c751e8b465ee728b)
Start importing Assets/変更あり3.BlendShapes/BlendShape.Joy.asset using Guid(2211b22072255bc4ea986a828ceda1fd) Importer(815301076,1909f56bfc062723c751e8b465ee728b)  -> (artifact id: '168c1367e7fcbfe59461cd6dcae2aa97') in 0.003902 seconds 
========================================================================
Received Import Request.
  Time since last request: 0.000033 seconds.
  path: Assets/変更あり3.BlendShapes/BlendShape.LookUp.asset
  artifactKey: Guid(9ffafd74f21578e4ea0f2aa80ed53f08) Importer(815301076,1909f56bfc062723c751e8b465ee728b)
Start importing Assets/変更あり3.BlendShapes/BlendShape.LookUp.asset using Guid(9ffafd74f21578e4ea0f2aa80ed53f08) Importer(815301076,1909f56bfc062723c751e8b465ee728b)  -> (artifact id: 'fc9b06d391fa79d96cca8887bf10f069') in 0.002796 seconds 
========================================================================
Received Import Request.
  Time since last request: 0.000016 seconds.
  path: Assets/変更あり3.Materials/N00_000_00_EyeIris_00_EYE (Instance).asset
  artifactKey: Guid(84f05f8547e046d4ba43e46a24e42b76) Importer(815301076,1909f56bfc062723c751e8b465ee728b)
Start importing Assets/変更あり3.Materials/N00_000_00_EyeIris_00_EYE (Instance).asset using Guid(84f05f8547e046d4ba43e46a24e42b76) Importer(815301076,1909f56bfc062723c751e8b465ee728b)  -> (artifact id: '6f6e093a6d75b26f2585e334cac9c68d') in 0.252208 seconds 
========================================================================
Received Import Request.
  Time since last request: 0.000032 seconds.
  path: Assets/変更あり3.Meshes/obj1.baked_fd5a8c397fb742ba88d0a54b73ffc98d.asset
  artifactKey: Guid(70678386426a9d74891c4d1421d97693) Importer(815301076,1909f56bfc062723c751e8b465ee728b)
Start importing Assets/変更あり3.Meshes/obj1.baked_fd5a8c397fb742ba88d0a54b73ffc98d.asset using Guid(70678386426a9d74891c4d1421d97693) Importer(815301076,1909f56bfc062723c751e8b465ee728b)  -> (artifact id: '44e0b21732e90bfaebcf9d94e5023fae') in 0.011641 seconds 
========================================================================
Received Import Request.
  Time since last request: 0.000044 seconds.
  path: Assets/変更あり3.Meshes/obj2.baked.asset
  artifactKey: Guid(4a04e56c883b9904c8201334c686063a) Importer(815301076,1909f56bfc062723c751e8b465ee728b)
Start importing Assets/変更あり3.Meshes/obj2.baked.asset using Guid(4a04e56c883b9904c8201334c686063a) Importer(815301076,1909f56bfc062723c751e8b465ee728b)  -> (artifact id: '36100e81f31fddab8154bfeff14bec8d') in 0.014092 seconds 
========================================================================
Received Import Request.
  Time since last request: 0.000052 seconds.
  path: Assets/変更あり3.Meshes/obj1.baked_c227d8fb8f83408aa3edae52bc57cb72.asset
  artifactKey: Guid(02392294c9cb82a49822e39748a39689) Importer(815301076,1909f56bfc062723c751e8b465ee728b)
Start importing Assets/変更あり3.Meshes/obj1.baked_c227d8fb8f83408aa3edae52bc57cb72.asset using Guid(02392294c9cb82a49822e39748a39689) Importer(815301076,1909f56bfc062723c751e8b465ee728b)  -> (artifact id: 'f0b10f086c6fe8cb803f7d3d54c2d443') in 0.013411 seconds 
========================================================================
Received Import Request.
  Time since last request: 0.000023 seconds.
  path: Assets/変更あり3.BlendShapes/BlendShape.U.asset
  artifactKey: Guid(01f795503497cb043a78e5479c141682) Importer(815301076,1909f56bfc062723c751e8b465ee728b)
Start importing Assets/変更あり3.BlendShapes/BlendShape.U.asset using Guid(01f795503497cb043a78e5479c141682) Importer(815301076,1909f56bfc062723c751e8b465ee728b)  -> (artifact id: 'e43532e74c8a69b1ac38674291915bda') in 0.003737 seconds 
========================================================================
Received Import Request.
  Time since last request: 0.000017 seconds.
  path: Assets/変更あり3.Materials/New Material__UNIGLTF__DUPLICATED__3.asset
  artifactKey: Guid(07a2b5f99a9c06c4a85b3b06fa1e0eea) Importer(815301076,1909f56bfc062723c751e8b465ee728b)
Start importing Assets/変更あり3.Materials/New Material__UNIGLTF__DUPLICATED__3.asset using Guid(07a2b5f99a9c06c4a85b3b06fa1e0eea) Importer(815301076,1909f56bfc062723c751e8b465ee728b)  -> (artifact id: '205efa1c94a553b7a3e6fe9fd85fbaa7') in 0.254266 seconds 
========================================================================
Received Import Request.
  Time since last request: 0.000019 seconds.
  path: Assets/変更あり3.Materials/mat2.asset
  artifactKey: Guid(b9082c71a7237e041993b02e55a11f0c) Importer(815301076,1909f56bfc062723c751e8b465ee728b)
Start importing Assets/変更あり3.Materials/mat2.asset using Guid(b9082c71a7237e041993b02e55a11f0c) Importer(815301076,1909f56bfc062723c751e8b465ee728b)  -> (artifact id: 'e1afb2eed6bbbfaa01fcfe8fc471dc8e') in 0.010327 seconds 
========================================================================
Received Import Request.
  Time since last request: 0.000021 seconds.
  path: Assets/変更あり3.BlendShapes/BlendShape.Sorrow.asset
  artifactKey: Guid(00011e58490415f42a5a04ad984eb3d8) Importer(815301076,1909f56bfc062723c751e8b465ee728b)
Start importing Assets/変更あり3.BlendShapes/BlendShape.Sorrow.asset using Guid(00011e58490415f42a5a04ad984eb3d8) Importer(815301076,1909f56bfc062723c751e8b465ee728b)  -> (artifact id: '99308f62a3a84e0f79c05bb0df169a08') in 0.002613 seconds 
========================================================================
Received Import Request.
  Time since last request: 0.000015 seconds.
  path: Assets/変更あり3.Textures/_07.png
  artifactKey: Guid(e1174d80101d72a478311ccd25178d3d) Importer(815301076,1909f56bfc062723c751e8b465ee728b)
Start importing Assets/変更あり3.Textures/_07.png using Guid(e1174d80101d72a478311ccd25178d3d) Importer(815301076,1909f56bfc062723c751e8b465ee728b)  -> (artifact id: 'aa35b3557ac96a2ab94e893f8dbb19c8') in 0.007887 seconds 
========================================================================
Received Import Request.
  Time since last request: 0.000017 seconds.
  path: Assets/変更あり3.Materials/N00_000_00_HairBack_00_HAIR.asset
  artifactKey: Guid(353c52b7393be97488270f0775a1bdef) Importer(815301076,1909f56bfc062723c751e8b465ee728b)
Start importing Assets/変更あり3.Materials/N00_000_00_HairBack_00_HAIR.asset using Guid(353c52b7393be97488270f0775a1bdef) Importer(815301076,1909f56bfc062723c751e8b465ee728b)  -> (artifact id: '91d8fce465bf637427742a3cd9d17529') in 0.226980 seconds 
========================================================================
Received Import Request.
  Time since last request: 0.000019 seconds.
  path: Assets/変更あり3.Materials/mat1.asset
  artifactKey: Guid(e6fe9edada2565b4192547416d642585) Importer(815301076,1909f56bfc062723c751e8b465ee728b)
Start importing Assets/変更あり3.Materials/mat1.asset using Guid(e6fe9edada2565b4192547416d642585) Importer(815301076,1909f56bfc062723c751e8b465ee728b)  -> (artifact id: '41ead4ba0bc8b12c6f8993164b36c629') in 0.008433 seconds 
========================================================================
Received Import Request.
  Time since last request: 0.000022 seconds.
  path: Assets/変更あり3.Meshes/obj1.baked.asset
  artifactKey: Guid(b9b41f24337457443a316d05cc94de94) Importer(815301076,1909f56bfc062723c751e8b465ee728b)
Start importing Assets/変更あり3.Meshes/obj1.baked.asset using Guid(b9b41f24337457443a316d05cc94de94) Importer(815301076,1909f56bfc062723c751e8b465ee728b)  -> (artifact id: 'c27ba2616293e7a6730b91739c810728') in 0.010393 seconds 
========================================================================
Received Import Request.
  Time since last request: 0.000016 seconds.
  path: Assets/変更あり3.MetaObject/Meta.asset
  artifactKey: Guid(ff5f3e6c74121fb458c98451c72834ec) Importer(815301076,1909f56bfc062723c751e8b465ee728b)
Start importing Assets/変更あり3.MetaObject/Meta.asset using Guid(ff5f3e6c74121fb458c98451c72834ec) Importer(815301076,1909f56bfc062723c751e8b465ee728b)  -> (artifact id: '1109dac49ad0732aa222d37af766df56') in 0.003061 seconds 
========================================================================
Received Import Request.
  Time since last request: 10.408483 seconds.
  path: Assets/ScreenShots/0131203056img.png
  artifactKey: Guid(d431f1ddb69a5314693bfc0c7ada035c) Importer(815301076,1909f56bfc062723c751e8b465ee728b)
Start importing Assets/ScreenShots/0131203056img.png using Guid(d431f1ddb69a5314693bfc0c7ada035c) Importer(815301076,1909f56bfc062723c751e8b465ee728b)  -> (artifact id: '839e04c4f5cc4d8e8892134c0dc57f27') in 0.010462 seconds 
Editor requested this worker to shutdown with reason: Scaling down because of idle timeout
AssetImportWorker is now disconnected from the server
Process exiting
Exiting without the bug reporter. Application will terminate with return code 0